<?xml version="1.0" encoding="UTF-8"?>
<coverage generated="1655728234425" clover="3.2.0">
  <project timestamp="1655728234425" name="All files">
    <metrics statements="47" coveredstatements="47" conditionals="14" coveredconditionals="14" methods="14" coveredmethods="14" elements="75" coveredelements="75" complexity="0" loc="47" ncloc="47" packages="6" files="6" classes="6"/>
    <package name="api">
      <metrics statements="12" coveredstatements="12" conditionals="0" coveredconditionals="0" methods="2" coveredmethods="2"/>
      <file name="index.js" path="/Users/prayag/prayag/ethereum-app/src/api/index.js">
        <metrics statements="12" coveredstatements="12" conditionals="0" coveredconditionals="0" methods="2" coveredmethods="2"/>
        <line num="3" count="3" type="stmt"/>
        <line num="4" count="6" type="stmt"/>
        <line num="5" count="1" type="stmt"/>
        <line num="7" count="1" type="stmt"/>
        <line num="8" count="1" type="stmt"/>
        <line num="9" count="10" type="stmt"/>
        <line num="10" count="10" type="stmt"/>
        <line num="12" count="1" type="stmt"/>
        <line num="15" count="3" type="stmt"/>
        <line num="16" count="1" type="stmt"/>
        <line num="17" count="1" type="stmt"/>
        <line num="18" count="1" type="stmt"/>
      </file>
    </package>
    <package name="app">
      <metrics statements="1" coveredstatements="1" conditionals="0" coveredconditionals="0" methods="1" coveredmethods="1"/>
      <file name="index.jsx" path="/Users/prayag/prayag/ethereum-app/src/app/index.jsx">
        <metrics statements="1" coveredstatements="1" conditionals="0" coveredconditionals="0" methods="1" coveredmethods="1"/>
        <line num="5" count="4" type="stmt"/>
      </file>
    </package>
    <package name="pages.block-transactions">
      <metrics statements="15" coveredstatements="15" conditionals="6" coveredconditionals="6" methods="4" coveredmethods="4"/>
      <file name="index.jsx" path="/Users/prayag/prayag/ethereum-app/src/pages/block-transactions/index.jsx">
        <metrics statements="15" coveredstatements="15" conditionals="6" coveredconditionals="6" methods="4" coveredmethods="4"/>
        <line num="8" count="19" type="stmt"/>
        <line num="10" count="19" type="stmt"/>
        <line num="12" count="18" type="stmt"/>
        <line num="13" count="18" type="stmt"/>
        <line num="15" count="18" type="stmt"/>
        <line num="16" count="7" type="stmt"/>
        <line num="17" count="7" type="stmt"/>
        <line num="18" count="7" type="stmt"/>
        <line num="19" count="7" type="stmt"/>
        <line num="22" count="3" type="stmt"/>
        <line num="24" count="4" type="stmt"/>
        <line num="26" count="7" type="stmt"/>
        <line num="29" count="7" type="stmt"/>
        <line num="31" count="18" type="stmt"/>
        <line num="38" count="4" type="cond" truecount="2" falsecount="0"/>
      </file>
    </package>
    <package name="pages.blocks">
      <metrics statements="14" coveredstatements="14" conditionals="8" coveredconditionals="8" methods="4" coveredmethods="4"/>
      <file name="index.jsx" path="/Users/prayag/prayag/ethereum-app/src/pages/blocks/index.jsx">
        <metrics statements="14" coveredstatements="14" conditionals="8" coveredconditionals="8" methods="4" coveredmethods="4"/>
        <line num="7" count="31" type="stmt"/>
        <line num="8" count="28" type="stmt"/>
        <line num="9" count="28" type="stmt"/>
        <line num="11" count="28" type="stmt"/>
        <line num="12" count="12" type="stmt"/>
        <line num="13" count="12" type="stmt"/>
        <line num="14" count="12" type="stmt"/>
        <line num="15" count="12" type="stmt"/>
        <line num="16" count="5" type="stmt"/>
        <line num="18" count="7" type="stmt"/>
        <line num="20" count="12" type="stmt"/>
        <line num="23" count="12" type="stmt"/>
        <line num="26" count="28" type="stmt"/>
        <line num="33" count="4" type="stmt"/>
      </file>
    </package>
    <package name="router">
      <metrics statements="1" coveredstatements="1" conditionals="0" coveredconditionals="0" methods="1" coveredmethods="1"/>
      <file name="index.jsx" path="/Users/prayag/prayag/ethereum-app/src/router/index.jsx">
        <metrics statements="1" coveredstatements="1" conditionals="0" coveredconditionals="0" methods="1" coveredmethods="1"/>
        <line num="7" count="7" type="stmt"/>
      </file>
    </package>
    <package name="utils">
      <metrics statements="4" coveredstatements="4" conditionals="0" coveredconditionals="0" methods="2" coveredmethods="2"/>
      <file name="index.js" path="/Users/prayag/prayag/ethereum-app/src/utils/index.js">
        <metrics statements="4" coveredstatements="4" conditionals="0" coveredconditionals="0" methods="2" coveredmethods="2"/>
        <line num="1" count="5" type="stmt"/>
        <line num="2" count="5" type="stmt"/>
        <line num="3" count="5" type="stmt"/>
        <line num="8" count="19" type="stmt"/>
      </file>
    </package>
  </project>
</coverage>
