{"/Users/prayag/prayag/ethereum-app/src/api/index.js": {"path":"/Users/prayag/prayag/ethereum-app/src/api/index.js","statementMap":{"0":{"start":{"line":3,"column":27},"end":{"line":13,"column":1}},"1":{"start":{"line":4,"column":19},"end":{"line":4,"column":76}},"2":{"start":{"line":5,"column":28},"end":{"line":5,"column":59}},"3":{"start":{"line":7,"column":17},"end":{"line":7,"column":19}},"4":{"start":{"line":8,"column":2},"end":{"line":11,"column":3}},"5":{"start":{"line":8,"column":15},"end":{"line":8,"column":16}},"6":{"start":{"line":9,"column":18},"end":{"line":9,"column":58}},"7":{"start":{"line":10,"column":4},"end":{"line":10,"column":23}},"8":{"start":{"line":12,"column":2},"end":{"line":12,"column":29}},"9":{"start":{"line":15,"column":38},"end":{"line":19,"column":1}},"10":{"start":{"line":16,"column":19},"end":{"line":16,"column":76}},"11":{"start":{"line":17,"column":16},"end":{"line":17,"column":68}},"12":{"start":{"line":18,"column":2},"end":{"line":18,"column":15}}},"fnMap":{"0":{"name":"(anonymous_0)","decl":{"start":{"line":3,"column":27},"end":{"line":3,"column":28}},"loc":{"start":{"line":3,"column":39},"end":{"line":13,"column":1}},"line":3},"1":{"name":"(anonymous_1)","decl":{"start":{"line":15,"column":38},"end":{"line":15,"column":39}},"loc":{"start":{"line":15,"column":61},"end":{"line":19,"column":1}},"line":15}},"branchMap":{},"s":{"0":3,"1":6,"2":1,"3":1,"4":1,"5":1,"6":10,"7":10,"8":1,"9":3,"10":1,"11":1,"12":1},"f":{"0":6,"1":1},"b":{},"_coverageSchema":"1a1c01bbd47fc00a2c39e90264f33305004495a9","hash":"1dd677561f4a706080076a2080328348fe1d8ed4"}
,"/Users/prayag/prayag/ethereum-app/src/app/index.jsx": {"path":"/Users/prayag/prayag/ethereum-app/src/app/index.jsx","statementMap":{"0":{"start":{"line":5,"column":2},"end":{"line":10,"column":4}}},"fnMap":{"0":{"name":"App","decl":{"start":{"line":4,"column":24},"end":{"line":4,"column":27}},"loc":{"start":{"line":4,"column":30},"end":{"line":11,"column":1}},"line":4}},"branchMap":{},"s":{"0":4},"f":{"0":4},"b":{},"_coverageSchema":"1a1c01bbd47fc00a2c39e90264f33305004495a9","hash":"11a11b85bc2d221578806c9494783fb163b23872"}
,"/Users/prayag/prayag/ethereum-app/src/pages/block-transactions/index.jsx": {"path":"/Users/prayag/prayag/ethereum-app/src/pages/block-transactions/index.jsx","statementMap":{"0":{"start":{"line":8,"column":26},"end":{"line":8,"column":37}},"1":{"start":{"line":10,"column":52},"end":{"line":10,"column":66}},"2":{"start":{"line":12,"column":4},"end":{"line":12,"column":19}},"3":{"start":{"line":13,"column":42},"end":{"line":13,"column":56}},"4":{"start":{"line":15,"column":2},"end":{"line":30,"column":20}},"5":{"start":{"line":16,"column":32},"end":{"line":28,"column":5}},"6":{"start":{"line":17,"column":6},"end":{"line":17,"column":40}},"7":{"start":{"line":18,"column":6},"end":{"line":27,"column":7}},"8":{"start":{"line":19,"column":33},"end":{"line":21,"column":9}},"9":{"start":{"line":22,"column":8},"end":{"line":22,"column":43}},"10":{"start":{"line":24,"column":8},"end":{"line":24,"column":35}},"11":{"start":{"line":26,"column":8},"end":{"line":26,"column":43}},"12":{"start":{"line":29,"column":4},"end":{"line":29,"column":26}},"13":{"start":{"line":31,"column":2},"end":{"line":76,"column":4}},"14":{"start":{"line":38,"column":10},"end":{"line":73,"column":11}}},"fnMap":{"0":{"name":"BlockTransactions","decl":{"start":{"line":7,"column":24},"end":{"line":7,"column":41}},"loc":{"start":{"line":7,"column":44},"end":{"line":77,"column":1}},"line":7},"1":{"name":"(anonymous_1)","decl":{"start":{"line":15,"column":12},"end":{"line":15,"column":13}},"loc":{"start":{"line":15,"column":18},"end":{"line":30,"column":3}},"line":15},"2":{"name":"(anonymous_2)","decl":{"start":{"line":16,"column":32},"end":{"line":16,"column":33}},"loc":{"start":{"line":16,"column":44},"end":{"line":28,"column":5}},"line":16},"3":{"name":"(anonymous_3)","decl":{"start":{"line":37,"column":8},"end":{"line":37,"column":9}},"loc":{"start":{"line":38,"column":10},"end":{"line":73,"column":11}},"line":38}},"branchMap":{"0":{"loc":{"start":{"line":34,"column":7},"end":{"line":34,"column":58}},"type":"binary-expr","locations":[{"start":{"line":34,"column":7},"end":{"line":34,"column":31}},{"start":{"line":34,"column":35},"end":{"line":34,"column":58}}],"line":34},"1":{"loc":{"start":{"line":35,"column":7},"end":{"line":35,"column":75}},"type":"binary-expr","locations":[{"start":{"line":35,"column":7},"end":{"line":35,"column":19}},{"start":{"line":35,"column":23},"end":{"line":35,"column":75}}],"line":35},"2":{"loc":{"start":{"line":38,"column":10},"end":{"line":73,"column":11}},"type":"binary-expr","locations":[{"start":{"line":38,"column":10},"end":{"line":38,"column":34}},{"start":{"line":39,"column":12},"end":{"line":72,"column":18}}],"line":38}},"s":{"0":19,"1":19,"2":18,"3":18,"4":18,"5":7,"6":7,"7":7,"8":7,"9":3,"10":4,"11":7,"12":7,"13":18,"14":4},"f":{"0":19,"1":7,"2":7,"3":4},"b":{"0":[18,7],"1":[18,2],"2":[4,2]},"_coverageSchema":"1a1c01bbd47fc00a2c39e90264f33305004495a9","hash":"77cf298612393594fcf25dedaa140edfdc115612"}
,"/Users/prayag/prayag/ethereum-app/src/pages/blocks/index.jsx": {"path":"/Users/prayag/prayag/ethereum-app/src/pages/blocks/index.jsx","statementMap":{"0":{"start":{"line":7,"column":42},"end":{"line":7,"column":56}},"1":{"start":{"line":8,"column":44},"end":{"line":8,"column":59}},"2":{"start":{"line":9,"column":42},"end":{"line":9,"column":56}},"3":{"start":{"line":11,"column":2},"end":{"line":24,"column":9}},"4":{"start":{"line":12,"column":22},"end":{"line":22,"column":5}},"5":{"start":{"line":13,"column":6},"end":{"line":13,"column":29}},"6":{"start":{"line":14,"column":6},"end":{"line":21,"column":7}},"7":{"start":{"line":15,"column":23},"end":{"line":15,"column":42}},"8":{"start":{"line":16,"column":8},"end":{"line":16,"column":32}},"9":{"start":{"line":18,"column":8},"end":{"line":18,"column":56}},"10":{"start":{"line":20,"column":8},"end":{"line":20,"column":32}},"11":{"start":{"line":23,"column":4},"end":{"line":23,"column":16}},"12":{"start":{"line":26,"column":2},"end":{"line":60,"column":4}},"13":{"start":{"line":33,"column":10},"end":{"line":56,"column":16}}},"fnMap":{"0":{"name":"Blocks","decl":{"start":{"line":6,"column":24},"end":{"line":6,"column":30}},"loc":{"start":{"line":6,"column":33},"end":{"line":61,"column":1}},"line":6},"1":{"name":"(anonymous_1)","decl":{"start":{"line":11,"column":12},"end":{"line":11,"column":13}},"loc":{"start":{"line":11,"column":18},"end":{"line":24,"column":3}},"line":11},"2":{"name":"(anonymous_2)","decl":{"start":{"line":12,"column":22},"end":{"line":12,"column":23}},"loc":{"start":{"line":12,"column":34},"end":{"line":22,"column":5}},"line":12},"3":{"name":"(anonymous_3)","decl":{"start":{"line":32,"column":8},"end":{"line":32,"column":9}},"loc":{"start":{"line":33,"column":10},"end":{"line":56,"column":16}},"line":33}},"branchMap":{"0":{"loc":{"start":{"line":29,"column":7},"end":{"line":29,"column":47}},"type":"binary-expr","locations":[{"start":{"line":29,"column":7},"end":{"line":29,"column":20}},{"start":{"line":29,"column":24},"end":{"line":29,"column":47}}],"line":29},"1":{"loc":{"start":{"line":30,"column":7},"end":{"line":30,"column":75}},"type":"binary-expr","locations":[{"start":{"line":30,"column":7},"end":{"line":30,"column":19}},{"start":{"line":30,"column":23},"end":{"line":30,"column":75}}],"line":30},"2":{"loc":{"start":{"line":51,"column":36},"end":{"line":51,"column":74}},"type":"cond-expr","locations":[{"start":{"line":51,"column":58},"end":{"line":51,"column":60}},{"start":{"line":51,"column":63},"end":{"line":51,"column":74}}],"line":51},"3":{"loc":{"start":{"line":53,"column":17},"end":{"line":53,"column":44}},"type":"binary-expr","locations":[{"start":{"line":53,"column":17},"end":{"line":53,"column":36}},{"start":{"line":53,"column":40},"end":{"line":53,"column":44}}],"line":53}},"s":{"0":31,"1":28,"2":28,"3":28,"4":12,"5":12,"6":12,"7":12,"8":5,"9":7,"10":12,"11":12,"12":28,"13":4},"f":{"0":31,"1":12,"2":12,"3":4},"b":{"0":[28,12],"1":[28,2],"2":[2,2],"3":[4,2]},"_coverageSchema":"1a1c01bbd47fc00a2c39e90264f33305004495a9","hash":"696d6a9ac49b86a81005ec5eb0154be5189ee6e9"}
,"/Users/prayag/prayag/ethereum-app/src/router/index.jsx": {"path":"/Users/prayag/prayag/ethereum-app/src/router/index.jsx","statementMap":{"0":{"start":{"line":7,"column":2},"end":{"line":14,"column":4}}},"fnMap":{"0":{"name":"Router","decl":{"start":{"line":6,"column":24},"end":{"line":6,"column":30}},"loc":{"start":{"line":6,"column":33},"end":{"line":15,"column":1}},"line":6}},"branchMap":{},"s":{"0":7},"f":{"0":7},"b":{},"_coverageSchema":"1a1c01bbd47fc00a2c39e90264f33305004495a9","hash":"65ed02e2c6105791fbbdceb40726545035b694ca"}
,"/Users/prayag/prayag/ethereum-app/src/utils/index.js": {"path":"/Users/prayag/prayag/ethereum-app/src/utils/index.js","statementMap":{"0":{"start":{"line":1,"column":27},"end":{"line":6,"column":1}},"1":{"start":{"line":2,"column":15},"end":{"line":2,"column":41}},"2":{"start":{"line":3,"column":2},"end":{"line":5,"column":88}},"3":{"start":{"line":8,"column":24},"end":{"line":8,"column":50}},"4":{"start":{"line":8,"column":33},"end":{"line":8,"column":50}}},"fnMap":{"0":{"name":"(anonymous_0)","decl":{"start":{"line":1,"column":27},"end":{"line":1,"column":28}},"loc":{"start":{"line":1,"column":42},"end":{"line":6,"column":1}},"line":1},"1":{"name":"(anonymous_1)","decl":{"start":{"line":8,"column":24},"end":{"line":8,"column":25}},"loc":{"start":{"line":8,"column":33},"end":{"line":8,"column":50}},"line":8}},"branchMap":{},"s":{"0":5,"1":5,"2":5,"3":5,"4":19},"f":{"0":5,"1":19},"b":{},"_coverageSchema":"1a1c01bbd47fc00a2c39e90264f33305004495a9","hash":"38078fdf9edec192c59dd03c82b6c18c1838dec4"}
}
