TN:
SF:src/api/index.js
FN:3,(anonymous_0)
FN:15,(anonymous_1)
FNF:2
FNH:2
FNDA:6,(anonymous_0)
FNDA:1,(anonymous_1)
DA:3,3
DA:4,6
DA:5,1
DA:7,1
DA:8,1
DA:9,10
DA:10,10
DA:12,1
DA:15,3
DA:16,1
DA:17,1
DA:18,1
LF:12
LH:12
BRF:0
BRH:0
end_of_record
TN:
SF:src/app/index.jsx
FN:4,App
FNF:1
FNH:1
FNDA:4,App
DA:5,4
LF:1
LH:1
BRF:0
BRH:0
end_of_record
TN:
SF:src/pages/block-transactions/index.jsx
FN:7,BlockTransactions
FN:18,(anonymous_1)
FN:19,(anonymous_2)
FN:36,(anonymous_3)
FN:39,(anonymous_4)
FN:45,(anonymous_5)
FN:71,(anonymous_6)
FNF:7
FNH:7
FNDA:34,BlockTransactions
FNDA:10,(anonymous_1)
FNDA:10,(anonymous_2)
FNDA:3,(anonymous_3)
FNDA:3,(anonymous_4)
FNDA:6,(anonymous_5)
FNDA:20,(anonymous_6)
DA:8,34
DA:9,34
DA:11,33
DA:13,33
DA:15,33
DA:16,33
DA:18,33
DA:19,10
DA:20,10
DA:21,10
DA:22,10
DA:25,6
DA:26,6
DA:28,4
DA:30,10
DA:33,10
DA:36,33
DA:37,3
DA:38,3
DA:39,3
DA:40,3
DA:41,3
DA:42,1
DA:44,2
DA:46,6
DA:49,2
DA:51,3
DA:55,33
DA:72,20
LF:29
LH:29
BRDA:41,0,0,1
BRDA:41,0,1,2
BRDA:46,1,0,6
BRDA:46,1,1,6
BRDA:58,2,0,33
BRDA:58,2,1,11
BRDA:64,3,0,33
BRDA:64,3,1,13
BRDA:65,4,0,33
BRDA:65,4,1,2
BRDA:66,5,0,33
BRDA:66,5,1,20
BRDA:66,5,2,1
BRDA:69,6,0,33
BRDA:69,6,1,20
BRDA:72,7,0,20
BRDA:72,7,1,13
BRF:17
BRH:17
end_of_record
TN:
SF:src/pages/blocks/index.jsx
FN:6,Blocks
FN:11,(anonymous_1)
FN:12,(anonymous_2)
FN:32,(anonymous_3)
FNF:4
FNH:4
FNDA:31,Blocks
FNDA:12,(anonymous_1)
FNDA:12,(anonymous_2)
FNDA:4,(anonymous_3)
DA:7,31
DA:8,28
DA:9,28
DA:11,28
DA:12,12
DA:13,12
DA:14,12
DA:15,12
DA:16,5
DA:18,7
DA:20,12
DA:23,12
DA:26,28
DA:33,4
LF:14
LH:14
BRDA:29,0,0,28
BRDA:29,0,1,12
BRDA:30,1,0,28
BRDA:30,1,1,2
BRDA:51,2,0,2
BRDA:51,2,1,2
BRDA:53,3,0,4
BRDA:53,3,1,2
BRF:8
BRH:8
end_of_record
TN:
SF:src/router/index.jsx
FN:6,Router
FNF:1
FNH:1
FNDA:7,Router
DA:7,7
LF:1
LH:1
BRF:0
BRH:0
end_of_record
TN:
SF:src/utils/index.js
FN:1,(anonymous_0)
FN:8,(anonymous_1)
FNF:2
FNH:2
FNDA:5,(anonymous_0)
FNDA:68,(anonymous_1)
DA:1,5
DA:2,5
DA:3,5
DA:8,68
LF:4
LH:4
BRF:0
BRH:0
end_of_record
