TN:
SF:src/api/index.js
FN:3,(anonymous_0)
FN:15,(anonymous_1)
FNF:2
FNH:2
FNDA:6,(anonymous_0)
FNDA:1,(anonymous_1)
DA:3,3
DA:4,6
DA:5,1
DA:7,1
DA:8,1
DA:9,10
DA:10,10
DA:12,1
DA:15,3
DA:16,1
DA:17,1
DA:18,1
LF:12
LH:12
BRF:0
BRH:0
end_of_record
TN:
SF:src/app/index.jsx
FN:4,App
FNF:1
FNH:1
FNDA:4,App
DA:5,4
LF:1
LH:1
BRF:0
BRH:0
end_of_record
TN:
SF:src/pages/block-transactions/index.jsx
FN:7,BlockTransactions
FN:15,(anonymous_1)
FN:16,(anonymous_2)
FN:37,(anonymous_3)
FNF:4
FNH:4
FNDA:19,BlockTransactions
FNDA:7,(anonymous_1)
FNDA:7,(anonymous_2)
FNDA:4,(anonymous_3)
DA:8,19
DA:10,19
DA:12,18
DA:13,18
DA:15,18
DA:16,7
DA:17,7
DA:18,7
DA:19,7
DA:22,3
DA:24,4
DA:26,7
DA:29,7
DA:31,18
DA:38,4
LF:15
LH:15
BRDA:34,0,0,18
BRDA:34,0,1,7
BRDA:35,1,0,18
BRDA:35,1,1,2
BRDA:38,2,0,4
BRDA:38,2,1,2
BRF:6
BRH:6
end_of_record
TN:
SF:src/pages/blocks/index.jsx
FN:6,Blocks
FN:11,(anonymous_1)
FN:12,(anonymous_2)
FN:32,(anonymous_3)
FNF:4
FNH:4
FNDA:31,Blocks
FNDA:12,(anonymous_1)
FNDA:12,(anonymous_2)
FNDA:4,(anonymous_3)
DA:7,31
DA:8,28
DA:9,28
DA:11,28
DA:12,12
DA:13,12
DA:14,12
DA:15,12
DA:16,5
DA:18,7
DA:20,12
DA:23,12
DA:26,28
DA:33,4
LF:14
LH:14
BRDA:29,0,0,28
BRDA:29,0,1,12
BRDA:30,1,0,28
BRDA:30,1,1,2
BRDA:51,2,0,2
BRDA:51,2,1,2
BRDA:53,3,0,4
BRDA:53,3,1,2
BRF:8
BRH:8
end_of_record
TN:
SF:src/router/index.jsx
FN:6,Router
FNF:1
FNH:1
FNDA:7,Router
DA:7,7
LF:1
LH:1
BRF:0
BRH:0
end_of_record
TN:
SF:src/utils/index.js
FN:1,(anonymous_0)
FN:8,(anonymous_1)
FNF:2
FNH:2
FNDA:5,(anonymous_0)
FNDA:19,(anonymous_1)
DA:1,5
DA:2,5
DA:3,5
DA:8,19
LF:4
LH:4
BRF:0
BRH:0
end_of_record
